Determining if the pthread_create exist failed with the following output:
Change Dir: /home/manoel/Documentos/rodetas/VSS-Simulator/cmake-build-debug/CMakeFiles/CMakeTmp

Run Build Command:"/usr/bin/make" "cmTC_5e494/fast"
/usr/bin/make -f CMakeFiles/cmTC_5e494.dir/build.make CMakeFiles/cmTC_5e494.dir/build
make[1]: Entering directory '/home/manoel/Documentos/rodetas/VSS-Simulator/cmake-build-debug/CMakeFiles/CMakeTmp'
Building C object CMakeFiles/cmTC_5e494.dir/CheckSymbolExists.c.o
/usr/bin/cc    -o CMakeFiles/cmTC_5e494.dir/CheckSymbolExists.c.o   -c /home/manoel/Documentos/rodetas/VSS-Simulator/cmake-build-debug/CMakeFiles/CMakeTmp/CheckSymbolExists.c
Linking C executable cmTC_5e494
/home/manoel/.local/share/JetBrains/Toolbox/apps/CLion/ch-0/181.4668.70/bin/cmake/bin/cmake -E cmake_link_script CMakeFiles/cmTC_5e494.dir/link.txt --verbose=1
/usr/bin/cc      -rdynamic CMakeFiles/cmTC_5e494.dir/CheckSymbolExists.c.o  -o cmTC_5e494 
CMakeFiles/cmTC_5e494.dir/CheckSymbolExists.c.o: Na função "main":
CheckSymbolExists.c:(.text+0x1b): referência não definida para "pthread_create"
collect2: error: ld returned 1 exit status
CMakeFiles/cmTC_5e494.dir/build.make:97: recipe for target 'cmTC_5e494' failed
make[1]: *** [cmTC_5e494] Error 1
make[1]: Leaving directory '/home/manoel/Documentos/rodetas/VSS-Simulator/cmake-build-debug/CMakeFiles/CMakeTmp'
Makefile:126: recipe for target 'cmTC_5e494/fast' failed
make: *** [cmTC_5e494/fast] Error 2

File /home/manoel/Documentos/rodetas/VSS-Simulator/cmake-build-debug/CMakeFiles/CMakeTmp/CheckSymbolExists.c:
/* */
#include <pthread.h>

int main(int argc, char** argv)
{
  (void)argv;
#ifndef pthread_create
  return ((int*)(&pthread_create))[argc];
#else
  (void)argc;
  return 0;
#endif
}

Determining if the function pthread_create exists in the pthreads failed with the following output:
Change Dir: /home/manoel/Documentos/rodetas/VSS-Simulator/cmake-build-debug/CMakeFiles/CMakeTmp

Run Build Command:"/usr/bin/make" "cmTC_05200/fast"
/usr/bin/make -f CMakeFiles/cmTC_05200.dir/build.make CMakeFiles/cmTC_05200.dir/build
make[1]: Entering directory '/home/manoel/Documentos/rodetas/VSS-Simulator/cmake-build-debug/CMakeFiles/CMakeTmp'
Building C object CMakeFiles/cmTC_05200.dir/CheckFunctionExists.c.o
/usr/bin/cc   -DCHECK_FUNCTION_EXISTS=pthread_create   -o CMakeFiles/cmTC_05200.dir/CheckFunctionExists.c.o   -c /home/manoel/.local/share/JetBrains/Toolbox/apps/CLion/ch-0/181.4668.70/bin/cmake/share/cmake-3.10/Modules/CheckFunctionExists.c
Linking C executable cmTC_05200
/home/manoel/.local/share/JetBrains/Toolbox/apps/CLion/ch-0/181.4668.70/bin/cmake/bin/cmake -E cmake_link_script CMakeFiles/cmTC_05200.dir/link.txt --verbose=1
/usr/bin/cc  -DCHECK_FUNCTION_EXISTS=pthread_create    -rdynamic CMakeFiles/cmTC_05200.dir/CheckFunctionExists.c.o  -o cmTC_05200 -lpthreads 
/usr/bin/x86_64-linux-gnu-ld: não foi possível localizar -lpthreads
collect2: error: ld returned 1 exit status
CMakeFiles/cmTC_05200.dir/build.make:97: recipe for target 'cmTC_05200' failed
make[1]: *** [cmTC_05200] Error 1
make[1]: Leaving directory '/home/manoel/Documentos/rodetas/VSS-Simulator/cmake-build-debug/CMakeFiles/CMakeTmp'
Makefile:126: recipe for target 'cmTC_05200/fast' failed
make: *** [cmTC_05200/fast] Error 2


