Determining if the pthread_create exist failed with the following output:
Change Dir: /home/johnathan/Repositories/SDK/rollback/VSS-Simulator/build/CMakeFiles/CMakeTmp

Run Build Command:"/usr/bin/make" "cmTC_1c6d3/fast"
/usr/bin/make -f CMakeFiles/cmTC_1c6d3.dir/build.make CMakeFiles/cmTC_1c6d3.dir/build
make[1]: Entering directory '/home/johnathan/Repositories/SDK/rollback/VSS-Simulator/build/CMakeFiles/CMakeTmp'
Building C object CMakeFiles/cmTC_1c6d3.dir/CheckSymbolExists.c.o
/usr/bin/cc     -o CMakeFiles/cmTC_1c6d3.dir/CheckSymbolExists.c.o   -c /home/johnathan/Repositories/SDK/rollback/VSS-Simulator/build/CMakeFiles/CMakeTmp/CheckSymbolExists.c
Linking C executable cmTC_1c6d3
/usr/bin/cmake -E cmake_link_script CMakeFiles/cmTC_1c6d3.dir/link.txt --verbose=1
/usr/bin/cc       CMakeFiles/cmTC_1c6d3.dir/CheckSymbolExists.c.o  -o cmTC_1c6d3 -rdynamic 
CMakeFiles/cmTC_1c6d3.dir/CheckSymbolExists.c.o: na função `main':
CheckSymbolExists.c:(.text+0x16): referência indefinida para `pthread_create'
collect2: error: ld returned 1 exit status
CMakeFiles/cmTC_1c6d3.dir/build.make:97: recipe for target 'cmTC_1c6d3' failed
make[1]: *** [cmTC_1c6d3] Error 1
make[1]: Leaving directory '/home/johnathan/Repositories/SDK/rollback/VSS-Simulator/build/CMakeFiles/CMakeTmp'
Makefile:126: recipe for target 'cmTC_1c6d3/fast' failed
make: *** [cmTC_1c6d3/fast] Error 2

File /home/johnathan/Repositories/SDK/rollback/VSS-Simulator/build/CMakeFiles/CMakeTmp/CheckSymbolExists.c:
/* */
#include <pthread.h>

int main(int argc, char** argv)
{
  (void)argv;
#ifndef pthread_create
  return ((int*)(&pthread_create))[argc];
#else
  (void)argc;
  return 0;
#endif
}

Determining if the function pthread_create exists in the pthreads failed with the following output:
Change Dir: /home/johnathan/Repositories/SDK/rollback/VSS-Simulator/build/CMakeFiles/CMakeTmp

Run Build Command:"/usr/bin/make" "cmTC_47496/fast"
/usr/bin/make -f CMakeFiles/cmTC_47496.dir/build.make CMakeFiles/cmTC_47496.dir/build
make[1]: Entering directory '/home/johnathan/Repositories/SDK/rollback/VSS-Simulator/build/CMakeFiles/CMakeTmp'
Building C object CMakeFiles/cmTC_47496.dir/CheckFunctionExists.c.o
/usr/bin/cc    -DCHECK_FUNCTION_EXISTS=pthread_create   -o CMakeFiles/cmTC_47496.dir/CheckFunctionExists.c.o   -c /usr/share/cmake-3.5/Modules/CheckFunctionExists.c
Linking C executable cmTC_47496
/usr/bin/cmake -E cmake_link_script CMakeFiles/cmTC_47496.dir/link.txt --verbose=1
/usr/bin/cc   -DCHECK_FUNCTION_EXISTS=pthread_create    CMakeFiles/cmTC_47496.dir/CheckFunctionExists.c.o  -o cmTC_47496 -rdynamic -lpthreads 
/usr/bin/ld: não foi possível encontrar -lpthreads
collect2: error: ld returned 1 exit status
CMakeFiles/cmTC_47496.dir/build.make:97: recipe for target 'cmTC_47496' failed
make[1]: *** [cmTC_47496] Error 1
make[1]: Leaving directory '/home/johnathan/Repositories/SDK/rollback/VSS-Simulator/build/CMakeFiles/CMakeTmp'
Makefile:126: recipe for target 'cmTC_47496/fast' failed
make: *** [cmTC_47496/fast] Error 2


